I, [2019-02-26T20:37:09.788121 #18676]  INFO -- setloglevel: ["Log level changed from DEBUG to INFO"]
E, [2019-02-26T20:37:09.789574 #18676] ERROR -- raise_error: ["NoMethodError: undefined method `+' for nil:NilClass test.rb:37:in `test_addtonil',test.rb:46:in `raise_error',test.rb:56:in `<main>'"]
F, [2019-02-26T20:37:09.789821 #18676] FATAL -- block in <top (required)>: ["divided by 0 at [\"test.rb:41:in `/'\", \"test.rb:41:in `dividebyzero'\", \"test.rb:50:in `raise_error'\", \"test.rb:56:in `<main>'\"]"]
I, [2019-02-26T20:39:13.158228 #4012]  INFO -- setloglevel: ["Log level changed from DEBUG to INFO"]
E, [2019-02-26T20:39:13.160207 #4012] ERROR -- raise_error: ["NoMethodError: undefined method `+' for nil:NilClass test.rb:37:in `test_addtonil',test.rb:46:in `raise_error',test.rb:56:in `<main>'"]
F, [2019-02-26T20:39:13.161078 #4012] FATAL -- block in <top (required)>: ["divided by 0 at [\"test.rb:41:in `/'\", \"test.rb:41:in `dividebyzero'\", \"test.rb:50:in `raise_error'\", \"test.rb:56:in `<main>'\"]"]
I, [2019-02-26T20:40:04.923799 #24308]  INFO -- setloglevel: ["Log level changed from DEBUG to DEBUG"]
D, [2019-02-26T20:40:04.924229 #24308] DEBUG -- parsedate: ["found %b-%d-%y, Feb/26/19"]
D, [2019-02-26T20:40:04.924470 #24308] DEBUG -- test_parsedate: [#<Date: 2019-02-26 ((2458541j,0s,0n),+0s,2299161j)>]
D, [2019-02-26T20:40:04.924700 #24308] DEBUG -- parsedate: ["found %d-%b-%y, 26/Feb/19"]
D, [2019-02-26T20:40:04.924897 #24308] DEBUG -- test_parsedate: [#<Date: 2019-02-26 ((2458541j,0s,0n),+0s,2299161j)>]
D, [2019-02-26T20:40:04.925031 #24308] DEBUG -- parsedate: ["found %b-%d-%Y, Feb/26/1999"]
D, [2019-02-26T20:40:04.925220 #24308] DEBUG -- test_parsedate: [#<Date: 1999-02-26 ((2451236j,0s,0n),+0s,2299161j)>]
D, [2019-02-26T20:40:04.925407 #24308] DEBUG -- parsedate: ["found %d-%b-%Y, 26/Feb/1980"]
D, [2019-02-26T20:40:04.925609 #24308] DEBUG -- test_parsedate: [#<Date: 1980-02-26 ((2444296j,0s,0n),+0s,2299161j)>]
D, [2019-02-26T20:40:04.925898 #24308] DEBUG -- parsedate: ["found %Y-%m-%d, 2019-2-26"]
D, [2019-02-26T20:40:04.926032 #24308] DEBUG -- test_parsedate: [#<Date: 2019-02-26 ((2458541j,0s,0n),+0s,2299161j)>]
D, [2019-02-26T20:40:04.926201 #24308] DEBUG -- parsedate: ["found %Y-%m-%d, 1973-12-19"]
D, [2019-02-26T20:40:04.926390 #24308] DEBUG -- test_parsedate: [45]
D, [2019-02-26T20:40:04.926541 #24308] DEBUG -- parsedate: ["found %Y-%m-%d, 2019-2-1"]
D, [2019-02-26T20:40:04.926747 #24308] DEBUG -- test_parsedate: [25]
D, [2019-02-26T20:40:04.926882 #24308] DEBUG -- parsedate: ["found %b%d,%Y, Oct19,2019"]
D, [2019-02-26T20:40:04.927078 #24308] DEBUG -- test_parsedate: [235]
D, [2019-02-26T20:40:04.927817 #24308] DEBUG -- fileage: ["file modified at ", 2019-02-22 13:54:14 +0900]
D, [2019-02-26T20:40:04.927960 #24308] DEBUG -- test_files: ["file modified day(s) before", 4]
E, [2019-02-26T20:40:04.928900 #24308] ERROR -- raise_error: ["NoMethodError: undefined method `+' for nil:NilClass test.rb:37:in `test_addtonil',test.rb:46:in `raise_error',test.rb:56:in `<main>'"]
F, [2019-02-26T20:40:04.929109 #24308] FATAL -- block in <top (required)>: ["divided by 0 at [\"test.rb:41:in `/'\", \"test.rb:41:in `dividebyzero'\", \"test.rb:50:in `raise_error'\", \"test.rb:56:in `<main>'\"]"]
